  .   ____          _            __ _ _
 /\\ / ___'_ __ _ _(_)_ __  __ _ \ \ \ \
( ( )\___ | '_ | '_| | '_ \/ _` | \ \ \ \
 \\/  ___)| |_)| | | | | || (_| |  ) ) ) )
  '  |____| .__|_| |_|_| |_\__, | / / / /
 =========|_|==============|___/=/_/_/_/

 :: Spring Boot ::                (v3.3.0)

2026-02-22 16:18:01.277 INFO  [com.demo.SpringTodoApplication] - Starting SpringTodoApplication v0.0.1-SNAPSHOT using Java 21.0.6 with PID 79704 (/Users/kamori/vscode/customer/subaru/spring-todo/target/spring-todo-0.0.1-SNAPSHOT.jar started by kamori in /Users/kamori/vscode/customer/subaru)
2026-02-22 16:18:01.279 INFO  [com.demo.SpringTodoApplication] - No active profile set, falling back to 1 default profile: "default"
2026-02-22 16:18:01.892 INFO  [o.s.d.r.c.RepositoryConfigurationDelegate] - Bootstrapping Spring Data JPA repositories in DEFAULT mode.
2026-02-22 16:18:01.913 INFO  [o.s.d.r.c.RepositoryConfigurationDelegate] - Finished Spring Data repository scanning in 17 ms. Found 1 JPA repository interface.
2026-02-22 16:18:02.241 INFO  [o.s.b.w.e.tomcat.TomcatWebServer] - Tomcat initialized with port 8082 (http)
2026-02-22 16:18:02.246 INFO  [o.a.catalina.core.StandardService] - Starting service [Tomcat]
2026-02-22 16:18:02.246 INFO  [o.a.catalina.core.StandardEngine] - Starting Servlet engine: [Apache Tomcat/10.1.24]
2026-02-22 16:18:02.262 INFO  [o.a.c.c.C.[Tomcat].[localhost].[/]] - Initializing Spring embedded WebApplicationContext
2026-02-22 16:18:02.262 INFO  [o.s.b.w.s.c.ServletWebServerApplicationContext] - Root WebApplicationContext: initialization completed in 951 ms
2026-02-22 16:18:02.420 INFO  [o.h.jpa.internal.util.LogHelper] - HHH000204: Processing PersistenceUnitInfo [name: default]
2026-02-22 16:18:02.455 INFO  [org.hibernate.Version] - HHH000412: Hibernate ORM core version 6.5.2.Final
2026-02-22 16:18:02.472 INFO  [o.h.c.i.RegionFactoryInitiator] - HHH000026: Second-level cache disabled
2026-02-22 16:18:02.619 INFO  [o.s.o.j.p.SpringPersistenceUnitInfo] - No LoadTimeWeaver setup: ignoring JPA class transformer
2026-02-22 16:18:02.633 INFO  [com.zaxxer.hikari.HikariDataSource] - HikariPool-1 - Starting...
2026-02-22 16:18:02.743 INFO  [com.zaxxer.hikari.pool.HikariPool] - HikariPool-1 - Added connection conn0: url=jdbc:h2:file:./data/todo-db user=SA
2026-02-22 16:18:02.744 INFO  [com.zaxxer.hikari.HikariDataSource] - HikariPool-1 - Start completed.
2026-02-22 16:18:03.172 INFO  [o.h.e.t.j.p.i.JtaPlatformInitiator] - HHH000489: No JTA platform available (set 'hibernate.transaction.jta.platform' to enable JTA platform integration)
2026-02-22 16:18:03.188 INFO  [o.s.o.j.LocalContainerEntityManagerFactoryBean] - Initialized JPA EntityManagerFactory for persistence unit 'default'
2026-02-22 16:18:03.415 WARN  [o.s.b.a.o.j.JpaBaseConfiguration$JpaWebConfiguration] - spring.jpa.open-in-view is enabled by default. Therefore, database queries may be performed during view rendering. Explicitly configure spring.jpa.open-in-view to disable this warning
2026-02-22 16:18:03.747 INFO  [o.s.b.a.e.web.EndpointLinksResolver] - Exposing 2 endpoints beneath base path '/actuator'
2026-02-22 16:18:03.794 INFO  [o.s.b.w.e.tomcat.TomcatWebServer] - Tomcat started on port 8082 (http) with context path '/'
2026-02-22 16:18:03.803 INFO  [com.demo.SpringTodoApplication] - Started SpringTodoApplication in 2.709 seconds (process running for 2.958)
2026-02-22 16:18:03.846 INFO  [com.demo.health.ReadinessService] - Application ready event received
2026-02-22 16:18:03.907 INFO  [com.demo.health.ReadinessService] - APP_READY_MS=712
2026-02-22 16:18:03.968 INFO  [o.a.c.c.C.[Tomcat].[localhost].[/]] - Initializing Spring DispatcherServlet 'dispatcherServlet'
2026-02-22 16:18:03.968 INFO  [o.s.web.servlet.DispatcherServlet] - Initializing Servlet 'dispatcherServlet'
2026-02-22 16:18:03.969 INFO  [o.s.web.servlet.DispatcherServlet] - Completed initialization in 1 ms
2026-02-22 16:19:04.118 INFO  [o.s.o.j.LocalContainerEntityManagerFactoryBean] - Closing JPA EntityManagerFactory for persistence unit 'default'
2026-02-22 16:19:04.126 INFO  [com.zaxxer.hikari.HikariDataSource] - HikariPool-1 - Shutdown initiated...
2026-02-22 16:19:04.158 INFO  [com.zaxxer.hikari.HikariDataSource] - HikariPool-1 - Shutdown completed.
